<?xml version="1.0" encoding="UTF-8"?>
<testsuite xmlns:xsi="http://www.w3.org/2001/XMLSchema-instance" xsi:noNamespaceSchemaLocation="https://maven.apache.org/surefire/maven-surefire-plugin/xsd/surefire-test-report.xsd" name="runner.TestRunner" time="68.514" tests="14" errors="2" skipped="0" failures="1">
  <properties>
[...]
</properties>
  <testcase name="Login with valid credentials #1" classname="Login functionality" time="5.611"/>
  <testcase name="Login with valid credentials #2" classname="Login functionality" time="4.688"/>
  <testcase name="Login with valid credentials #3" classname="Login functionality" time="4.72"/>
  <testcase name="Login with invalid credentials" classname="Login functionality" time="4.464"/>
  <testcase name="Login with valid email and invalid password" classname="Login functionality" time="4.53">
    <failure type="java.lang.AssertionError">java.lang.AssertionError
</failure>
    <system-out><![CDATA[
Scenario: Login with valid email and invalid password                               &amp#27;[90m# src/test/resource/features/Login.feature:23&amp#27;[0m
  &amp#27;[32mGiven &amp#27;[0m&amp#27;[32mUser navigates to login page&amp#27;[0m                                                &amp#27;[90m# stepdefinations.Login.User_navigates_to_login_page()&amp#27;[0m
  &amp#27;[32mWhen &amp#27;[0m&amp#27;[32mUser has enter valid email address &amp#27;[0m&amp#27;[32m&amp#27;[1m"demoauto@gmail.com"&amp#27;[0m&amp#27;[32m into the email field&amp#27;[0m &amp#27;[90m# stepdefinations.Login.User_has_enter_valid_email_address_into_the_email_field(java.lang.String)&amp#27;[0m
  &amp#27;[32mAnd &amp#27;[0m&amp#27;[32mUser has enter invalid password &amp#27;[0m&amp#27;[32m&amp#27;[1m"123"&amp#27;[0m&amp#27;[32m into the password field&amp#27;[0m                 &amp#27;[90m# stepdefinations.Login.user_has_enter_invalid_password_into_the_password_field(java.lang.String)&amp#27;[0m
  &amp#27;[32mAnd &amp#27;[0m&amp#27;[32mUser clicks on login button&amp#27;[0m                                                   &amp#27;[90m# stepdefinations.Login.User_clicks_on_login_button()&amp#27;[0m
  &amp#27;[31mThen &amp#27;[0m&amp#27;[31mUser should get propper warning message about credentials mismatch&amp#27;[0m           &amp#27;[90m# stepdefinations.Login.user_should_get_propper_warning_message_about_credentials_mismatch()&amp#27;[0m
      &amp#27;[31mjava.lang.AssertionError
	at org.junit.Assert.fail(Assert.java:86)
	at org.junit.Assert.assertTrue(Assert.java:41)
	at org.junit.Assert.assertTrue(Assert.java:52)
	at stepdefinations.Login.user_should_get_propper_warning_message_about_credentials_mismatch(Login.java:78)
	at âœ½.User should get propper warning message about credentials mismatch(file:///C:/SeleniumPractice/CucumberHybridFramework/TutorialsNinjaHybrid/src/test/resource/features/Login.feature:28)
&amp#27;[0m

    Embedding Login_with_valid_email_and_invalid_password [image/png 117915 bytes]

]]></system-out>
  </testcase>
  <testcase name="Login with valid invalidemail and valid password" classname="Login functionality" time="4.468"/>
  <testcase name="Login without providing any credentials" classname="Login functionality" time="4.294"/>
  <testcase name="User creates an account only with mandatory fields" classname="Registration functionality" time="5.714">
    <error type="java.lang.NullPointerException">java.lang.NullPointerException
</error>
    <system-out><![CDATA[
Scenario: User creates an account only with mandatory fields &amp#27;[90m# src/test/resource/features/Register.feature:3&amp#27;[0m
  &amp#27;[32mGiven &amp#27;[0m&amp#27;[32mUser navigates to Register Account page&amp#27;[0m              &amp#27;[90m# stepdefinations.Register.user_navigates_to_register_account_page()&amp#27;[0m
  &amp#27;[32mWhen &amp#27;[0m&amp#27;[32mUser enters the below fields&amp#27;[0m                          &amp#27;[90m# stepdefinations.Register.user_enters_the_below_fields(io.cucumber.datatable.DataTable)&amp#27;[0m
    | firstName | soumya      |
    | lastName  | ranjan      |
    | telephone | 12324567890 |
    | password  | 1234        |
  &amp#27;[32mAnd &amp#27;[0m&amp#27;[32mUser selects privacy policy&amp#27;[0m                            &amp#27;[90m# stepdefinations.Register.user_selects_privacy_policy()&amp#27;[0m
  &amp#27;[32mAnd &amp#27;[0m&amp#27;[32mUser clicks Continue button&amp#27;[0m                            &amp#27;[90m# stepdefinations.Register.user_clicks_continue_button()&amp#27;[0m
  &amp#27;[31mThen &amp#27;[0m&amp#27;[31mUser account should created successfully&amp#27;[0m              &amp#27;[90m# stepdefinations.Register.user_account_should_created_successfully()&amp#27;[0m
      &amp#27;[31mjava.lang.NullPointerException
	at pages.AccountSuccessPage.getPageHeading(AccountSuccessPage.java:30)
	at stepdefinations.Register.user_account_should_created_successfully(Register.java:85)
	at âœ½.User account should created successfully(file:///C:/SeleniumPractice/CucumberHybridFramework/TutorialsNinjaHybrid/src/test/resource/features/Register.feature:12)
&amp#27;[0m

    Embedding User_creates_an_account_only_with_mandatory_fields [image/png 109101 bytes]

]]></system-out>
  </testcase>
  <testcase name="User creates an account with all fields" classname="Registration functionality" time="5.941">
    <error type="java.lang.NullPointerException">java.lang.NullPointerException
</error>
    <system-out><![CDATA[
Scenario: User creates an account with all fields &amp#27;[90m# src/test/resource/features/Register.feature:14&amp#27;[0m
  &amp#27;[32mGiven &amp#27;[0m&amp#27;[32mUser navigates to Register Account page&amp#27;[0m   &amp#27;[90m# stepdefinations.Register.user_navigates_to_register_account_page()&amp#27;[0m
  &amp#27;[32mWhen &amp#27;[0m&amp#27;[32mUser enters the below fields&amp#27;[0m               &amp#27;[90m# stepdefinations.Register.user_enters_the_below_fields(io.cucumber.datatable.DataTable)&amp#27;[0m
    | firstName | soumya      |
    | lastName  | ranjan      |
    | telephone | 12324567890 |
    | password  | 1234        |
  &amp#27;[32mAnd &amp#27;[0m&amp#27;[32mUser selects yes for Newsletter&amp#27;[0m             &amp#27;[90m# stepdefinations.Register.user_selects_yes_for_newsletter()&amp#27;[0m
  &amp#27;[32mAnd &amp#27;[0m&amp#27;[32mUser selects privacy policy&amp#27;[0m                 &amp#27;[90m# stepdefinations.Register.user_selects_privacy_policy()&amp#27;[0m
  &amp#27;[32mAnd &amp#27;[0m&amp#27;[32mUser clicks Continue button&amp#27;[0m                 &amp#27;[90m# stepdefinations.Register.user_clicks_continue_button()&amp#27;[0m
  &amp#27;[31mThen &amp#27;[0m&amp#27;[31mUser account should created successfully&amp#27;[0m   &amp#27;[90m# stepdefinations.Register.user_account_should_created_successfully()&amp#27;[0m
      &amp#27;[31mjava.lang.NullPointerException
	at pages.AccountSuccessPage.getPageHeading(AccountSuccessPage.java:30)
	at stepdefinations.Register.user_account_should_created_successfully(Register.java:85)
	at âœ½.User account should created successfully(file:///C:/SeleniumPractice/CucumberHybridFramework/TutorialsNinjaHybrid/src/test/resource/features/Register.feature:24)
&amp#27;[0m

    Embedding User_creates_an_account_with_all_fields [image/png 109101 bytes]

]]></system-out>
  </testcase>
  <testcase name="User creates an duplicate account" classname="Registration functionality" time="5.465"/>
  <testcase name="User creates an account without providing any details" classname="Registration functionality" time="4.364"/>
  <testcase name="User searches for valid product" classname="Search functionality" time="3.581"/>
  <testcase name="User searches for invalid product" classname="Search functionality" time="3.712"/>
  <testcase name="User searches without any product" classname="Search functionality" time="3.538"/>
</testsuite>